[2026-01-12 14:24:56Z INFO HostContext] No proxy settings were found based on environmental variables (http_proxy/https_proxy/HTTP_PROXY/HTTPS_PROXY)
[2026-01-12 14:24:56Z INFO HostContext] Well known directory 'Bin': 'C:\Users\USER\Documents\웅진씽크빅kdt\DE과정\kdt-woongjin\actions-runner\actions-runner\bin'
[2026-01-12 14:24:56Z INFO HostContext] Well known directory 'Root': 'C:\Users\USER\Documents\웅진씽크빅kdt\DE과정\kdt-woongjin\actions-runner\actions-runner'
[2026-01-12 14:24:56Z INFO HostContext] Well known config file 'Credentials': 'C:\Users\USER\Documents\웅진씽크빅kdt\DE과정\kdt-woongjin\actions-runner\actions-runner\.credentials'
[2026-01-12 14:24:56Z INFO HostContext] Well known directory 'Bin': 'C:\Users\USER\Documents\웅진씽크빅kdt\DE과정\kdt-woongjin\actions-runner\actions-runner\bin'
[2026-01-12 14:24:56Z INFO HostContext] Well known directory 'Root': 'C:\Users\USER\Documents\웅진씽크빅kdt\DE과정\kdt-woongjin\actions-runner\actions-runner'
[2026-01-12 14:24:56Z INFO HostContext] Well known config file 'Runner': 'C:\Users\USER\Documents\웅진씽크빅kdt\DE과정\kdt-woongjin\actions-runner\actions-runner\.runner'
[2026-01-12 14:24:56Z INFO Listener] Runner is built for Windows (X64) - win-x64.
[2026-01-12 14:24:56Z INFO Listener] RuntimeInformation: Microsoft Windows 10.0.26200.
[2026-01-12 14:24:56Z INFO Listener] Version: 2.330.0
[2026-01-12 14:24:56Z INFO Listener] Commit: e2088f1fc730f9e857bec485223b090ef0e3cb87
[2026-01-12 14:24:56Z INFO Listener] Culture: ko-KR
[2026-01-12 14:24:56Z INFO Listener] UI Culture: ko-KR
[2026-01-12 14:24:56Z INFO HostContext] Well known directory 'Bin': 'C:\Users\USER\Documents\웅진씽크빅kdt\DE과정\kdt-woongjin\actions-runner\actions-runner\bin'
[2026-01-12 14:24:56Z INFO HostContext] Well known directory 'Root': 'C:\Users\USER\Documents\웅진씽크빅kdt\DE과정\kdt-woongjin\actions-runner\actions-runner'
[2026-01-12 14:24:56Z INFO Listener] Validating directory permissions for: 'C:\Users\USER\Documents\웅진씽크빅kdt\DE과정\kdt-woongjin\actions-runner\actions-runner'
[2026-01-12 14:24:56Z INFO CommandLineParser] Parse
[2026-01-12 14:24:56Z INFO CommandLineParser] Parsing 5 args
[2026-01-12 14:24:56Z INFO CommandLineParser] parsing argument
[2026-01-12 14:24:56Z INFO CommandLineParser] HasArgs: False
[2026-01-12 14:24:56Z INFO CommandLineParser] Adding Command: configure
[2026-01-12 14:24:56Z INFO CommandLineParser] parsing argument
[2026-01-12 14:24:56Z INFO CommandLineParser] HasArgs: True
[2026-01-12 14:24:56Z INFO CommandLineParser] arg: url
[2026-01-12 14:24:56Z INFO CommandLineParser] parsing argument
[2026-01-12 14:24:56Z INFO CommandLineParser] HasArgs: True
[2026-01-12 14:24:56Z INFO CommandLineParser] Adding option 'url': 'https://github.com/MOON001208/kdt-woongjin'
[2026-01-12 14:24:56Z INFO CommandLineParser] parsing argument
[2026-01-12 14:24:56Z INFO CommandLineParser] HasArgs: True
[2026-01-12 14:24:56Z INFO CommandLineParser] arg: token
[2026-01-12 14:24:56Z INFO CommandLineParser] parsing argument
[2026-01-12 14:24:56Z INFO CommandLineParser] HasArgs: True
[2026-01-12 14:24:56Z INFO CommandLineParser] Adding option 'token': '***'
[2026-01-12 14:24:56Z INFO Listener] Arguments parsed
[2026-01-12 14:24:56Z INFO Runner] ExecuteCommand
[2026-01-12 14:24:56Z INFO ConfigurationStore] currentAssemblyLocation: C:\Users\USER\Documents\웅진씽크빅kdt\DE과정\kdt-woongjin\actions-runner\actions-runner\bin\Runner.Listener.dll
[2026-01-12 14:24:56Z INFO HostContext] Well known directory 'Bin': 'C:\Users\USER\Documents\웅진씽크빅kdt\DE과정\kdt-woongjin\actions-runner\actions-runner\bin'
[2026-01-12 14:24:56Z INFO ConfigurationStore] binPath: C:\Users\USER\Documents\웅진씽크빅kdt\DE과정\kdt-woongjin\actions-runner\actions-runner\bin
[2026-01-12 14:24:56Z INFO HostContext] Well known directory 'Bin': 'C:\Users\USER\Documents\웅진씽크빅kdt\DE과정\kdt-woongjin\actions-runner\actions-runner\bin'
[2026-01-12 14:24:56Z INFO HostContext] Well known directory 'Root': 'C:\Users\USER\Documents\웅진씽크빅kdt\DE과정\kdt-woongjin\actions-runner\actions-runner'
[2026-01-12 14:24:56Z INFO ConfigurationStore] RootFolder: C:\Users\USER\Documents\웅진씽크빅kdt\DE과정\kdt-woongjin\actions-runner\actions-runner
[2026-01-12 14:24:56Z INFO HostContext] Well known directory 'Bin': 'C:\Users\USER\Documents\웅진씽크빅kdt\DE과정\kdt-woongjin\actions-runner\actions-runner\bin'
[2026-01-12 14:24:56Z INFO HostContext] Well known directory 'Root': 'C:\Users\USER\Documents\웅진씽크빅kdt\DE과정\kdt-woongjin\actions-runner\actions-runner'
[2026-01-12 14:24:56Z INFO HostContext] Well known config file 'Runner': 'C:\Users\USER\Documents\웅진씽크빅kdt\DE과정\kdt-woongjin\actions-runner\actions-runner\.runner'
[2026-01-12 14:24:56Z INFO ConfigurationStore] ConfigFilePath: C:\Users\USER\Documents\웅진씽크빅kdt\DE과정\kdt-woongjin\actions-runner\actions-runner\.runner
[2026-01-12 14:24:56Z INFO HostContext] Well known directory 'Bin': 'C:\Users\USER\Documents\웅진씽크빅kdt\DE과정\kdt-woongjin\actions-runner\actions-runner\bin'
[2026-01-12 14:24:56Z INFO HostContext] Well known directory 'Root': 'C:\Users\USER\Documents\웅진씽크빅kdt\DE과정\kdt-woongjin\actions-runner\actions-runner'
[2026-01-12 14:24:56Z INFO HostContext] Well known config file 'MigratedRunner': 'C:\Users\USER\Documents\웅진씽크빅kdt\DE과정\kdt-woongjin\actions-runner\actions-runner\.runner_migrated'
[2026-01-12 14:24:56Z INFO ConfigurationStore] MigratedConfigFilePath: C:\Users\USER\Documents\웅진씽크빅kdt\DE과정\kdt-woongjin\actions-runner\actions-runner\.runner_migrated
[2026-01-12 14:24:56Z INFO HostContext] Well known directory 'Bin': 'C:\Users\USER\Documents\웅진씽크빅kdt\DE과정\kdt-woongjin\actions-runner\actions-runner\bin'
[2026-01-12 14:24:56Z INFO HostContext] Well known directory 'Root': 'C:\Users\USER\Documents\웅진씽크빅kdt\DE과정\kdt-woongjin\actions-runner\actions-runner'
[2026-01-12 14:24:56Z INFO HostContext] Well known config file 'Credentials': 'C:\Users\USER\Documents\웅진씽크빅kdt\DE과정\kdt-woongjin\actions-runner\actions-runner\.credentials'
[2026-01-12 14:24:56Z INFO ConfigurationStore] CredFilePath: C:\Users\USER\Documents\웅진씽크빅kdt\DE과정\kdt-woongjin\actions-runner\actions-runner\.credentials
[2026-01-12 14:24:56Z INFO HostContext] Well known directory 'Bin': 'C:\Users\USER\Documents\웅진씽크빅kdt\DE과정\kdt-woongjin\actions-runner\actions-runner\bin'
[2026-01-12 14:24:56Z INFO HostContext] Well known directory 'Root': 'C:\Users\USER\Documents\웅진씽크빅kdt\DE과정\kdt-woongjin\actions-runner\actions-runner'
[2026-01-12 14:24:56Z INFO HostContext] Well known config file 'MigratedCredentials': 'C:\Users\USER\Documents\웅진씽크빅kdt\DE과정\kdt-woongjin\actions-runner\actions-runner\.credentials_migrated'
[2026-01-12 14:24:56Z INFO ConfigurationStore] MigratedCredFilePath: C:\Users\USER\Documents\웅진씽크빅kdt\DE과정\kdt-woongjin\actions-runner\actions-runner\.credentials_migrated
[2026-01-12 14:24:56Z INFO HostContext] Well known directory 'Bin': 'C:\Users\USER\Documents\웅진씽크빅kdt\DE과정\kdt-woongjin\actions-runner\actions-runner\bin'
[2026-01-12 14:24:56Z INFO HostContext] Well known directory 'Root': 'C:\Users\USER\Documents\웅진씽크빅kdt\DE과정\kdt-woongjin\actions-runner\actions-runner'
[2026-01-12 14:24:56Z INFO HostContext] Well known config file 'Service': 'C:\Users\USER\Documents\웅진씽크빅kdt\DE과정\kdt-woongjin\actions-runner\actions-runner\.service'
[2026-01-12 14:24:56Z INFO ConfigurationStore] ServiceConfigFilePath: C:\Users\USER\Documents\웅진씽크빅kdt\DE과정\kdt-woongjin\actions-runner\actions-runner\.service
[2026-01-12 14:24:56Z INFO CommandSettings] Flag 'help': 'False'
[2026-01-12 14:24:56Z INFO CommandSettings] Flag 'version': 'False'
[2026-01-12 14:24:56Z INFO CommandSettings] Flag 'commit': 'False'
[2026-01-12 14:24:56Z INFO CommandSettings] Flag 'check': 'False'
[2026-01-12 14:24:57Z INFO CommandSettings] Command 'configure': 'True'
[2026-01-12 14:24:57Z INFO Terminal] WRITE LINE: 
[2026-01-12 14:24:57Z INFO Terminal] WRITE LINE: --------------------------------------------------------------------------------
[2026-01-12 14:24:57Z INFO Terminal] WRITE LINE: |        ____ _ _   _   _       _          _        _   _                      |
[2026-01-12 14:24:57Z INFO Terminal] WRITE LINE: |       / ___(_) |_| | | |_   _| |__      / \   ___| |_(_) ___  _ __  ___      |
[2026-01-12 14:24:57Z INFO Terminal] WRITE LINE: |      | |  _| | __| |_| | | | | '_ \    / _ \ / __| __| |/ _ \| '_ \/ __|     |
[2026-01-12 14:24:57Z INFO Terminal] WRITE LINE: |      | |_| | | |_|  _  | |_| | |_) |  / ___ \ (__| |_| | (_) | | | \__ \     |
[2026-01-12 14:24:57Z INFO Terminal] WRITE LINE: |       \____|_|\__|_| |_|\__,_|_.__/  /_/   \_\___|\__|_|\___/|_| |_|___/     |
[2026-01-12 14:24:57Z INFO Terminal] WRITE LINE: |                                                                              |
[2026-01-12 14:24:57Z INFO Terminal] WRITE: |                       
[2026-01-12 14:24:57Z INFO Terminal] WRITE: Self-hosted runner registration
[2026-01-12 14:24:57Z INFO Terminal] WRITE LINE:                         |
[2026-01-12 14:24:57Z INFO Terminal] WRITE LINE: |                                                                              |
[2026-01-12 14:24:57Z INFO Terminal] WRITE LINE: --------------------------------------------------------------------------------
[2026-01-12 14:24:57Z INFO ConfigurationManager] ConfigureAsync
[2026-01-12 14:24:57Z INFO CommandSettings] Flag 'generateServiceConfig': 'False'
[2026-01-12 14:24:57Z INFO ConfigurationStore] IsConfigured()
[2026-01-12 14:24:57Z INFO ConfigurationStore] IsConfigured: True
[2026-01-12 14:24:57Z INFO ConfigurationManager] Is configured: True
[2026-01-12 14:24:57Z ERR  Runner] System.InvalidOperationException: Cannot configure the runner because it is already configured. To reconfigure the runner, run 'config.cmd remove' or './config.sh remove' first.
   at GitHub.Runner.Listener.Configuration.ConfigurationManager.ConfigureAsync(CommandSettings command)
   at GitHub.Runner.Listener.Runner.ExecuteCommand(CommandSettings command)
[2026-01-12 14:24:57Z ERR  Terminal] WRITE ERROR: Cannot configure the runner because it is already configured. To reconfigure the runner, run 'config.cmd remove' or './config.sh remove' first.
[2026-01-12 14:24:57Z INFO Listener] Runner execution has finished with return code 1
