[2026-01-12 14:35:12Z INFO HostContext] No proxy settings were found based on environmental variables (http_proxy/https_proxy/HTTP_PROXY/HTTPS_PROXY)
[2026-01-12 14:35:12Z INFO HostContext] Well known directory 'Bin': 'C:\Users\USER\Documents\웅진씽크빅kdt\DE과정\kdt-woongjin\actions-runner\actions-runner\bin'
[2026-01-12 14:35:12Z INFO HostContext] Well known directory 'Root': 'C:\Users\USER\Documents\웅진씽크빅kdt\DE과정\kdt-woongjin\actions-runner\actions-runner'
[2026-01-12 14:35:12Z INFO HostContext] Well known config file 'Credentials': 'C:\Users\USER\Documents\웅진씽크빅kdt\DE과정\kdt-woongjin\actions-runner\actions-runner\.credentials'
[2026-01-12 14:35:12Z INFO HostContext] Well known directory 'Bin': 'C:\Users\USER\Documents\웅진씽크빅kdt\DE과정\kdt-woongjin\actions-runner\actions-runner\bin'
[2026-01-12 14:35:12Z INFO HostContext] Well known directory 'Root': 'C:\Users\USER\Documents\웅진씽크빅kdt\DE과정\kdt-woongjin\actions-runner\actions-runner'
[2026-01-12 14:35:12Z INFO HostContext] Well known config file 'Runner': 'C:\Users\USER\Documents\웅진씽크빅kdt\DE과정\kdt-woongjin\actions-runner\actions-runner\.runner'
[2026-01-12 14:35:12Z INFO Listener] Runner is built for Windows (X64) - win-x64.
[2026-01-12 14:35:12Z INFO Listener] RuntimeInformation: Microsoft Windows 10.0.26200.
[2026-01-12 14:35:12Z INFO Listener] Version: 2.330.0
[2026-01-12 14:35:12Z INFO Listener] Commit: e2088f1fc730f9e857bec485223b090ef0e3cb87
[2026-01-12 14:35:12Z INFO Listener] Culture: ko-KR
[2026-01-12 14:35:12Z INFO Listener] UI Culture: ko-KR
[2026-01-12 14:35:12Z INFO HostContext] Well known directory 'Bin': 'C:\Users\USER\Documents\웅진씽크빅kdt\DE과정\kdt-woongjin\actions-runner\actions-runner\bin'
[2026-01-12 14:35:12Z INFO HostContext] Well known directory 'Root': 'C:\Users\USER\Documents\웅진씽크빅kdt\DE과정\kdt-woongjin\actions-runner\actions-runner'
[2026-01-12 14:35:12Z INFO Listener] Validating directory permissions for: 'C:\Users\USER\Documents\웅진씽크빅kdt\DE과정\kdt-woongjin\actions-runner\actions-runner'
[2026-01-12 14:35:12Z INFO CommandLineParser] Parse
[2026-01-12 14:35:12Z INFO CommandLineParser] Parsing 3 args
[2026-01-12 14:35:12Z INFO CommandLineParser] parsing argument
[2026-01-12 14:35:12Z INFO CommandLineParser] HasArgs: False
[2026-01-12 14:35:12Z INFO CommandLineParser] Adding Command: remove
[2026-01-12 14:35:12Z INFO CommandLineParser] parsing argument
[2026-01-12 14:35:12Z INFO CommandLineParser] HasArgs: True
[2026-01-12 14:35:12Z INFO CommandLineParser] arg: token
[2026-01-12 14:35:12Z INFO CommandLineParser] parsing argument
[2026-01-12 14:35:12Z INFO CommandLineParser] HasArgs: True
[2026-01-12 14:35:12Z INFO CommandLineParser] Adding option 'token': '***'
[2026-01-12 14:35:12Z INFO Listener] Arguments parsed
[2026-01-12 14:35:12Z INFO Runner] ExecuteCommand
[2026-01-12 14:35:12Z INFO ConfigurationStore] currentAssemblyLocation: C:\Users\USER\Documents\웅진씽크빅kdt\DE과정\kdt-woongjin\actions-runner\actions-runner\bin\Runner.Listener.dll
[2026-01-12 14:35:12Z INFO HostContext] Well known directory 'Bin': 'C:\Users\USER\Documents\웅진씽크빅kdt\DE과정\kdt-woongjin\actions-runner\actions-runner\bin'
[2026-01-12 14:35:12Z INFO ConfigurationStore] binPath: C:\Users\USER\Documents\웅진씽크빅kdt\DE과정\kdt-woongjin\actions-runner\actions-runner\bin
[2026-01-12 14:35:12Z INFO HostContext] Well known directory 'Bin': 'C:\Users\USER\Documents\웅진씽크빅kdt\DE과정\kdt-woongjin\actions-runner\actions-runner\bin'
[2026-01-12 14:35:12Z INFO HostContext] Well known directory 'Root': 'C:\Users\USER\Documents\웅진씽크빅kdt\DE과정\kdt-woongjin\actions-runner\actions-runner'
[2026-01-12 14:35:12Z INFO ConfigurationStore] RootFolder: C:\Users\USER\Documents\웅진씽크빅kdt\DE과정\kdt-woongjin\actions-runner\actions-runner
[2026-01-12 14:35:12Z INFO HostContext] Well known directory 'Bin': 'C:\Users\USER\Documents\웅진씽크빅kdt\DE과정\kdt-woongjin\actions-runner\actions-runner\bin'
[2026-01-12 14:35:12Z INFO HostContext] Well known directory 'Root': 'C:\Users\USER\Documents\웅진씽크빅kdt\DE과정\kdt-woongjin\actions-runner\actions-runner'
[2026-01-12 14:35:12Z INFO HostContext] Well known config file 'Runner': 'C:\Users\USER\Documents\웅진씽크빅kdt\DE과정\kdt-woongjin\actions-runner\actions-runner\.runner'
[2026-01-12 14:35:12Z INFO ConfigurationStore] ConfigFilePath: C:\Users\USER\Documents\웅진씽크빅kdt\DE과정\kdt-woongjin\actions-runner\actions-runner\.runner
[2026-01-12 14:35:12Z INFO HostContext] Well known directory 'Bin': 'C:\Users\USER\Documents\웅진씽크빅kdt\DE과정\kdt-woongjin\actions-runner\actions-runner\bin'
[2026-01-12 14:35:12Z INFO HostContext] Well known directory 'Root': 'C:\Users\USER\Documents\웅진씽크빅kdt\DE과정\kdt-woongjin\actions-runner\actions-runner'
[2026-01-12 14:35:12Z INFO HostContext] Well known config file 'MigratedRunner': 'C:\Users\USER\Documents\웅진씽크빅kdt\DE과정\kdt-woongjin\actions-runner\actions-runner\.runner_migrated'
[2026-01-12 14:35:12Z INFO ConfigurationStore] MigratedConfigFilePath: C:\Users\USER\Documents\웅진씽크빅kdt\DE과정\kdt-woongjin\actions-runner\actions-runner\.runner_migrated
[2026-01-12 14:35:12Z INFO HostContext] Well known directory 'Bin': 'C:\Users\USER\Documents\웅진씽크빅kdt\DE과정\kdt-woongjin\actions-runner\actions-runner\bin'
[2026-01-12 14:35:12Z INFO HostContext] Well known directory 'Root': 'C:\Users\USER\Documents\웅진씽크빅kdt\DE과정\kdt-woongjin\actions-runner\actions-runner'
[2026-01-12 14:35:12Z INFO HostContext] Well known config file 'Credentials': 'C:\Users\USER\Documents\웅진씽크빅kdt\DE과정\kdt-woongjin\actions-runner\actions-runner\.credentials'
[2026-01-12 14:35:12Z INFO ConfigurationStore] CredFilePath: C:\Users\USER\Documents\웅진씽크빅kdt\DE과정\kdt-woongjin\actions-runner\actions-runner\.credentials
[2026-01-12 14:35:12Z INFO HostContext] Well known directory 'Bin': 'C:\Users\USER\Documents\웅진씽크빅kdt\DE과정\kdt-woongjin\actions-runner\actions-runner\bin'
[2026-01-12 14:35:12Z INFO HostContext] Well known directory 'Root': 'C:\Users\USER\Documents\웅진씽크빅kdt\DE과정\kdt-woongjin\actions-runner\actions-runner'
[2026-01-12 14:35:12Z INFO HostContext] Well known config file 'MigratedCredentials': 'C:\Users\USER\Documents\웅진씽크빅kdt\DE과정\kdt-woongjin\actions-runner\actions-runner\.credentials_migrated'
[2026-01-12 14:35:12Z INFO ConfigurationStore] MigratedCredFilePath: C:\Users\USER\Documents\웅진씽크빅kdt\DE과정\kdt-woongjin\actions-runner\actions-runner\.credentials_migrated
[2026-01-12 14:35:12Z INFO HostContext] Well known directory 'Bin': 'C:\Users\USER\Documents\웅진씽크빅kdt\DE과정\kdt-woongjin\actions-runner\actions-runner\bin'
[2026-01-12 14:35:12Z INFO HostContext] Well known directory 'Root': 'C:\Users\USER\Documents\웅진씽크빅kdt\DE과정\kdt-woongjin\actions-runner\actions-runner'
[2026-01-12 14:35:12Z INFO HostContext] Well known config file 'Service': 'C:\Users\USER\Documents\웅진씽크빅kdt\DE과정\kdt-woongjin\actions-runner\actions-runner\.service'
[2026-01-12 14:35:12Z INFO ConfigurationStore] ServiceConfigFilePath: C:\Users\USER\Documents\웅진씽크빅kdt\DE과정\kdt-woongjin\actions-runner\actions-runner\.service
[2026-01-12 14:35:12Z INFO CommandSettings] Flag 'help': 'False'
[2026-01-12 14:35:12Z INFO CommandSettings] Flag 'version': 'False'
[2026-01-12 14:35:12Z INFO CommandSettings] Flag 'commit': 'False'
[2026-01-12 14:35:12Z INFO CommandSettings] Flag 'check': 'False'
[2026-01-12 14:35:12Z INFO CommandSettings] Command 'configure': 'False'
[2026-01-12 14:35:12Z INFO CommandSettings] Command 'remove': 'True'
[2026-01-12 14:35:12Z INFO CommandSettings] Flag 'local': 'False'
[2026-01-12 14:35:12Z INFO ConfigurationStore] IsServiceConfigured()
[2026-01-12 14:35:12Z INFO ConfigurationStore] IsServiceConfigured: False
[2026-01-12 14:35:12Z INFO ConfigurationStore] IsConfigured()
[2026-01-12 14:35:12Z INFO ConfigurationStore] IsConfigured: True
[2026-01-12 14:35:12Z INFO ConfigurationStore] HasCredentials()
[2026-01-12 14:35:12Z INFO ConfigurationStore] stored True
[2026-01-12 14:35:12Z INFO ConfigurationStore] Read setting file: 396 chars
[2026-01-12 14:35:12Z INFO CommandSettings] Arg 'token': '***'
[2026-01-12 14:35:12Z INFO CommandSettings] Remove token from Arg dictionary.
[2026-01-12 14:35:13Z INFO ConfigurationManager] Http response code: OK from 'POST https://api.github.com/actions/runner-registration' (C20A:028B:14C42D3:1D5BE5E:696506A0)
[2026-01-12 14:35:13Z INFO ConfigurationManager] cred retrieved via GitHub auth
[2026-01-12 14:35:13Z INFO RunnerServer] EstablishVssConnection
[2026-01-12 14:35:13Z INFO RunnerServer] Establish connection with 100 seconds timeout.
[2026-01-12 14:35:13Z INFO GitHubActionsService] Starting operation Location.GetConnectionData
[2026-01-12 14:35:13Z INFO RunnerServer] EstablishVssConnection
[2026-01-12 14:35:13Z INFO RunnerServer] Establish connection with 60 seconds timeout.
[2026-01-12 14:35:13Z INFO GitHubActionsService] Starting operation Location.GetConnectionData
[2026-01-12 14:35:13Z INFO RunnerServer] EstablishVssConnection
[2026-01-12 14:35:13Z INFO RunnerServer] Establish connection with 60 seconds timeout.
[2026-01-12 14:35:13Z INFO GitHubActionsService] Starting operation Location.GetConnectionData
[2026-01-12 14:35:14Z INFO GitHubActionsService] Finished operation Location.GetConnectionData
[2026-01-12 14:35:14Z INFO GitHubActionsService] Finished operation Location.GetConnectionData
[2026-01-12 14:35:14Z INFO GitHubActionsService] Finished operation Location.GetConnectionData
[2026-01-12 14:35:15Z INFO Terminal] WRITE LINE: 
[2026-01-12 14:35:15Z INFO ConfigurationStore] IsConfigured()
[2026-01-12 14:35:15Z INFO ConfigurationStore] IsConfigured: True
[2026-01-12 14:35:15Z INFO ConfigurationStore] HasCredentials()
[2026-01-12 14:35:15Z INFO ConfigurationStore] stored True
[2026-01-12 14:35:15Z INFO HostContext] Well known directory 'Bin': 'C:\Users\USER\Documents\웅진씽크빅kdt\DE과정\kdt-woongjin\actions-runner\actions-runner\bin'
[2026-01-12 14:35:15Z INFO HostContext] Well known directory 'Root': 'C:\Users\USER\Documents\웅진씽크빅kdt\DE과정\kdt-woongjin\actions-runner\actions-runner'
[2026-01-12 14:35:15Z INFO HostContext] Well known config file 'RSACredentials': 'C:\Users\USER\Documents\웅진씽크빅kdt\DE과정\kdt-woongjin\actions-runner\actions-runner\.credentials_rsaparams'
[2026-01-12 14:35:15Z INFO RSAEncryptedFileKeyManager] Deleting RSA key parameters file C:\Users\USER\Documents\웅진씽크빅kdt\DE과정\kdt-woongjin\actions-runner\actions-runner\.credentials_rsaparams
[2026-01-12 14:35:15Z INFO Terminal] WRITE LINE: 
[2026-01-12 14:35:15Z INFO Listener] Runner execution has finished with return code 0
